<?xml version="1.0" encoding="UTF-8" ?>
<testsuite failures="0" time="0.448" errors="0" skipped="0" tests="9" name="org.szanto.domain.PizzaIntegrationTest">
  <properties>
[...]
</properties>
  <testcase time="0.005" classname="org.szanto.domain.PizzaIntegrationTest" name="testMarkerMethod"/>
  <testcase time="0.067" classname="org.szanto.domain.PizzaIntegrationTest" name="testFlush"/>
  <testcase time="0.076" classname="org.szanto.domain.PizzaIntegrationTest" name="testMergeUpdate"/>
  <testcase time="0.058" classname="org.szanto.domain.PizzaIntegrationTest" name="testPersist"/>
  <testcase time="0.04" classname="org.szanto.domain.PizzaIntegrationTest" name="testRemove"/>
  <testcase time="0.049" classname="org.szanto.domain.PizzaIntegrationTest" name="testCountPizzas"/>
  <testcase time="0.057" classname="org.szanto.domain.PizzaIntegrationTest" name="testFindPizza"/>
  <testcase time="0.041" classname="org.szanto.domain.PizzaIntegrationTest" name="testFindAllPizzas"/>
  <testcase time="0.049" classname="org.szanto.domain.PizzaIntegrationTest" name="testFindPizzaEntries"/>
</testsuite>